
(waybar:42509): Gtk-WARNING **: 16:09:08.048: Theme parsing error: gtk.css:3822:10: Invalid name of pseudo-class
[2026-04-11 16:09:08.051] [info] Using configuration file /home/terrame/.config/waybar/config.jsonc
[2026-04-11 16:09:08.052] [info] Discovered appearance 'dark'

(waybar:42509): Gtk-WARNING **: 16:09:08.056: Theme parsing error: gtk.css:3822:10: Invalid name of pseudo-class
[2026-04-11 16:09:08.059] [info] Using CSS file /home/terrame/.config/waybar/style.css
[2026-04-11 16:09:08.066] [info] Hyprland IPC starting
[2026-04-11 16:09:08.067] [info] Loading persistent workspaces from Waybar config
[2026-04-11 16:09:08.067] [info] Loading persistent workspaces from Hyprland workspace rules
Full
[2026-04-11 16:09:08.196] [info] Bar configured (width: 1908, height: 44) for output: eDP-2
Full
Full
Full
Full
Full
Full
Full
Full
Full
Full
Full
Full
Full
Full
Full
Full
Full
Full
Full
Full
Full
Full
Full
Full
Full
Full
Full
Full
Full
Full
Full
Full
Full
Full
Full
Full
Full
Full
Full
Full
Full
Full
Full
Full
Full
Full
Full
Full
Full
Full
Full
Full
Full
Full
Full
Full
Full
Full
Full
Full
Full
Full
Full
Full
Full
Full
Full
Full
Full
Full
Full
Full
Full
Full
Full
Full
Full
Full
Full
Full
Full
Full
Full
Full
Full
Full
Full
Full
Full
Full
Full
Full
Full
Full
Full
Full
Full
Full
Full
Full
Full
Full
Full
Full
Full
Full
Full
Full
Full
Full
Full
Full
Full
Full
Full
Full
Full
[2026-04-11 16:11:06.007] [info] Hyprland config reloaded, reinitializing hyprland/workspaces module...
[2026-04-11 16:11:06.008] [info] Loading persistent workspaces from Waybar config
[2026-04-11 16:11:06.008] [info] Loading persistent workspaces from Hyprland workspace rules

(waybar:46161): Gtk-WARNING **: 16:11:08.548: Theme parsing error: gtk.css:3822:10: Invalid name of pseudo-class
[2026-04-11 16:11:08.551] [info] Using configuration file /home/terrame/.config/waybar/config.jsonc
[2026-04-11 16:11:08.554] [info] Discovered appearance 'dark'

(waybar:46161): Gtk-WARNING **: 16:11:08.558: Theme parsing error: gtk.css:3822:10: Invalid name of pseudo-class
[2026-04-11 16:11:08.561] [info] Using CSS file /home/terrame/.config/waybar/style.css
[2026-04-11 16:11:08.568] [info] Hyprland IPC starting
[2026-04-11 16:11:08.568] [info] Loading persistent workspaces from Waybar config
[2026-04-11 16:11:08.568] [info] Loading persistent workspaces from Hyprland workspace rules
Full
[2026-04-11 16:11:08.697] [info] Bar configured (width: 1908, height: 44) for output: eDP-2

(waybar:46822): Gtk-WARNING **: 16:11:26.911: Theme parsing error: gtk.css:3822:10: Invalid name of pseudo-class
[2026-04-11 16:11:26.915] [info] Using configuration file /home/terrame/.config/waybar/config.jsonc
[2026-04-11 16:11:26.916] [info] Discovered appearance 'dark'

(waybar:46822): Gtk-WARNING **: 16:11:26.920: Theme parsing error: gtk.css:3822:10: Invalid name of pseudo-class
[2026-04-11 16:11:26.923] [info] Using CSS file /home/terrame/.config/waybar/style.css
[2026-04-11 16:11:26.930] [info] Hyprland IPC starting
[2026-04-11 16:11:26.930] [info] Loading persistent workspaces from Waybar config
[2026-04-11 16:11:26.931] [info] Loading persistent workspaces from Hyprland workspace rules
Full
[2026-04-11 16:11:27.047] [info] Bar configured (width: 1908, height: 44) for output: eDP-2

(waybar:46964): Gtk-WARNING **: 16:11:27.575: Theme parsing error: gtk.css:3822:10: Invalid name of pseudo-class
[2026-04-11 16:11:27.580] [info] Using configuration file /home/terrame/.config/waybar/config.jsonc
[2026-04-11 16:11:27.582] [info] Discovered appearance 'dark'

(waybar:46964): Gtk-WARNING **: 16:11:27.586: Theme parsing error: gtk.css:3822:10: Invalid name of pseudo-class
[2026-04-11 16:11:27.589] [info] Using CSS file /home/terrame/.config/waybar/style.css
[2026-04-11 16:11:27.595] [info] Hyprland IPC starting
[2026-04-11 16:11:27.596] [info] Loading persistent workspaces from Waybar config
[2026-04-11 16:11:27.596] [info] Loading persistent workspaces from Hyprland workspace rules
Full
[2026-04-11 16:11:27.721] [info] Bar configured (width: 1908, height: 44) for output: eDP-2

(waybar:48478): Gtk-WARNING **: 16:11:32.771: Theme parsing error: gtk.css:3822:10: Invalid name of pseudo-class
[2026-04-11 16:11:32.774] [info] Using configuration file /home/terrame/.config/waybar/config.jsonc
[2026-04-11 16:11:32.777] [info] Discovered appearance 'dark'

(waybar:48478): Gtk-WARNING **: 16:11:32.780: Theme parsing error: gtk.css:3822:10: Invalid name of pseudo-class
[2026-04-11 16:11:32.783] [info] Using CSS file /home/terrame/.config/waybar/style.css
[2026-04-11 16:11:32.790] [info] Hyprland IPC starting
[2026-04-11 16:11:32.790] [info] Loading persistent workspaces from Waybar config
[2026-04-11 16:11:32.790] [info] Loading persistent workspaces from Hyprland workspace rules
Full
[2026-04-11 16:11:32.905] [info] Bar configured (width: 1908, height: 44) for output: eDP-2

(waybar:49177): Gtk-WARNING **: 16:11:34.264: Theme parsing error: gtk.css:3822:10: Invalid name of pseudo-class
[2026-04-11 16:11:34.268] [info] Using configuration file /home/terrame/.config/waybar/config.jsonc
[2026-04-11 16:11:34.270] [info] Discovered appearance 'dark'

(waybar:49177): Gtk-WARNING **: 16:11:34.273: Theme parsing error: gtk.css:3822:10: Invalid name of pseudo-class
[2026-04-11 16:11:34.276] [info] Using CSS file /home/terrame/.config/waybar/style.css
[2026-04-11 16:11:34.282] [info] Hyprland IPC starting
[2026-04-11 16:11:34.283] [info] Loading persistent workspaces from Waybar config
[2026-04-11 16:11:34.283] [info] Loading persistent workspaces from Hyprland workspace rules
Full
[2026-04-11 16:11:34.401] [info] Bar configured (width: 1908, height: 44) for output: eDP-2
[2026-04-11 16:11:35.268] [info] Hyprland config reloaded, reinitializing hyprland/workspaces module...
Full
Full
[2026-04-11 16:11:35.268] [info] Hyprland config reloaded, reinitializing hyprland/workspaces module...
[2026-04-11 16:11:35.272] [info] Loading persistent workspaces from Waybar config
[2026-04-11 16:11:35.273] [info] Loading persistent workspaces from Waybar config
[2026-04-11 16:11:35.273] [info] Loading persistent workspaces from Hyprland workspace rules
[2026-04-11 16:11:35.273] [info] Loading persistent workspaces from Hyprland workspace rules

(waybar:49713): Gtk-WARNING **: 16:11:35.340: Theme parsing error: gtk.css:3822:10: Invalid name of pseudo-class
[2026-04-11 16:11:35.345] [info] Using configuration file /home/terrame/.config/waybar/config.jsonc
[2026-04-11 16:11:35.348] [info] Discovered appearance 'dark'

(waybar:49713): Gtk-WARNING **: 16:11:35.353: Theme parsing error: gtk.css:3822:10: Invalid name of pseudo-class
[2026-04-11 16:11:35.358] [info] Using CSS file /home/terrame/.config/waybar/style.css
[2026-04-11 16:11:35.367] [info] Hyprland IPC starting
[2026-04-11 16:11:35.367] [info] Loading persistent workspaces from Waybar config
[2026-04-11 16:11:35.368] [info] Loading persistent workspaces from Hyprland workspace rules
Full
[2026-04-11 16:11:35.490] [info] Bar configured (width: 1908, height: 44) for output: eDP-2

(waybar:50231): Gtk-WARNING **: 16:11:39.733: Theme parsing error: gtk.css:3822:10: Invalid name of pseudo-class
[2026-04-11 16:11:39.736] [info] Using configuration file /home/terrame/.config/waybar/config.jsonc
[2026-04-11 16:11:39.737] [info] Discovered appearance 'dark'

(waybar:50231): Gtk-WARNING **: 16:11:39.741: Theme parsing error: gtk.css:3822:10: Invalid name of pseudo-class
[2026-04-11 16:11:39.743] [info] Using CSS file /home/terrame/.config/waybar/style.css
[2026-04-11 16:11:39.750] [info] Hyprland IPC starting
[2026-04-11 16:11:39.751] [info] Loading persistent workspaces from Waybar config
[2026-04-11 16:11:39.751] [info] Loading persistent workspaces from Hyprland workspace rules
Full
[2026-04-11 16:11:39.873] [info] Bar configured (width: 1908, height: 44) for output: eDP-2
